2020-05-16 11:45:09 INFO  SocketGameServer:81 - =====Start-Connect=====
2020-05-16 12:12:13 INFO  SocketGameServer:81 - =====Start-Connect=====
2020-05-16 12:12:13 INFO  IOSocket:37 - sendToUnknowUser: com.colorninja.objectingame.BaseOutPacket@26d1e624
2020-05-16 12:12:13 ERROR IOSocket:42 - com.colorninja.objectingame.BaseOutPacket
java.io.NotSerializableException: com.colorninja.objectingame.BaseOutPacket
	at java.io.ObjectOutputStream.writeObject0(ObjectOutputStream.java:1184)
	at java.io.ObjectOutputStream.writeObject(ObjectOutputStream.java:348)
	at com.colorninja.buissiness.IOSocket.send(IOSocket.java:38)
	at com.colorninja.server.SocketGameServer$Handler.run(SocketGameServer.java:88)
	at java.util.concurrent.ThreadPoolExecutor.runWorker(ThreadPoolExecutor.java:1149)
	at java.util.concurrent.ThreadPoolExecutor$Worker.run(ThreadPoolExecutor.java:624)
	at java.lang.Thread.run(Thread.java:748)
2020-05-16 12:12:30 ERROR SocketGameServer:138 - Connection reset
2020-05-16 12:12:30 INFO  SocketGameServer:165 - Close connect of User: 
2020-05-16 12:12:37 INFO  SocketGameServer:81 - =====Start-Connect=====
2020-05-16 12:12:37 INFO  IOSocket:37 - sendToUnknowUser: com.colorninja.objectingame.BaseOutPacket@621605f9
2020-05-16 12:12:37 ERROR IOSocket:42 - com.colorninja.objectingame.BaseOutPacket
java.io.NotSerializableException: com.colorninja.objectingame.BaseOutPacket
	at java.io.ObjectOutputStream.writeObject0(ObjectOutputStream.java:1184)
	at java.io.ObjectOutputStream.writeObject(ObjectOutputStream.java:348)
	at com.colorninja.buissiness.IOSocket.send(IOSocket.java:38)
	at com.colorninja.server.SocketGameServer$Handler.run(SocketGameServer.java:88)
	at java.util.concurrent.ThreadPoolExecutor.runWorker(ThreadPoolExecutor.java:1149)
	at java.util.concurrent.ThreadPoolExecutor$Worker.run(ThreadPoolExecutor.java:624)
	at java.lang.Thread.run(Thread.java:748)
2020-05-16 12:12:48 ERROR SocketGameServer:138 - Connection reset
2020-05-16 12:12:48 INFO  SocketGameServer:165 - Close connect of User: 
2020-05-16 12:24:45 INFO  SocketGameServer:81 - =====Start-Connect=====
2020-05-16 12:24:45 INFO  IOSocket:37 - sendToUnknowUser: com.colorninja.objectingame.BaseOutPacket@26d1e624
2020-05-16 12:24:45 ERROR IOSocket:42 - com.colorninja.objectingame.BaseOutPacket
java.io.NotSerializableException: com.colorninja.objectingame.BaseOutPacket
	at java.io.ObjectOutputStream.writeObject0(ObjectOutputStream.java:1184)
	at java.io.ObjectOutputStream.writeObject(ObjectOutputStream.java:348)
	at com.colorninja.buissiness.IOSocket.send(IOSocket.java:38)
	at com.colorninja.server.SocketGameServer$Handler.run(SocketGameServer.java:88)
	at java.util.concurrent.ThreadPoolExecutor.runWorker(ThreadPoolExecutor.java:1149)
	at java.util.concurrent.ThreadPoolExecutor$Worker.run(ThreadPoolExecutor.java:624)
	at java.lang.Thread.run(Thread.java:748)
2020-05-16 12:25:12 INFO  SocketGameServer:81 - =====Start-Connect=====
2020-05-16 12:25:12 INFO  IOSocket:37 - sendToUnknowUser: com.colorninja.objectingame.BaseOutPacket@621605f9
2020-05-16 12:25:12 ERROR IOSocket:42 - com.colorninja.objectingame.BaseOutPacket
java.io.NotSerializableException: com.colorninja.objectingame.BaseOutPacket
	at java.io.ObjectOutputStream.writeObject0(ObjectOutputStream.java:1184)
	at java.io.ObjectOutputStream.writeObject(ObjectOutputStream.java:348)
	at com.colorninja.buissiness.IOSocket.send(IOSocket.java:38)
	at com.colorninja.server.SocketGameServer$Handler.run(SocketGameServer.java:88)
	at java.util.concurrent.ThreadPoolExecutor.runWorker(ThreadPoolExecutor.java:1149)
	at java.util.concurrent.ThreadPoolExecutor$Worker.run(ThreadPoolExecutor.java:624)
	at java.lang.Thread.run(Thread.java:748)
2020-05-16 12:26:52 INFO  SocketGameServer:81 - =====Start-Connect=====
2020-05-16 12:26:52 INFO  IOSocket:37 - sendToUnknowUser: com.colorninja.objectingame.BaseOutPacket@621605f9
2020-05-16 12:27:34 INFO  SocketGameServer:81 - =====Start-Connect=====
2020-05-16 12:27:34 INFO  IOSocket:37 - sendToUnknowUser: com.colorninja.objectingame.BaseOutPacket@621605f9
2020-05-16 12:34:08 INFO  SocketGameServer:81 - =====Start-Connect=====
2020-05-16 12:34:08 INFO  IOSocket:37 - sendToUnknowUser: com.colorninja.objectingame.BaseOutPacket@26df5114
2020-05-16 12:35:51 INFO  SocketGameServer:81 - =====Start-Connect=====
2020-05-16 12:35:51 INFO  IOSocket:37 - sendToUnknowUser: com.colorninja.objectingame.BaseOutPacket@26df5114
2020-05-16 12:50:09 INFO  SocketGameServer:81 - =====Start-Connect=====
2020-05-16 12:50:09 INFO  SocketGameServer:165 - Close connect of User: 
2020-05-16 12:50:44 INFO  SocketGameServer:81 - =====Start-Connect=====
2020-05-16 12:50:44 INFO  SocketGameServer:165 - Close connect of User: 
2020-05-16 12:51:21 INFO  SocketGameServer:81 - =====Start-Connect=====
2020-05-16 12:51:21 INFO  SocketGameServer:165 - Close connect of User: 
2020-05-16 12:52:47 INFO  SocketGameServer:81 - =====Start-Connect=====
2020-05-16 12:52:47 INFO  SocketGameServer:165 - Close connect of User: 
2020-05-16 12:53:28 INFO  SocketGameServer:81 - =====Start-Connect=====
2020-05-16 12:53:28 INFO  SocketGameServer:165 - Close connect of User: 
2020-05-16 12:55:41 INFO  SocketGameServer:81 - =====Start-Connect=====
2020-05-16 12:55:41 INFO  SocketGameServer:165 - Close connect of User: 
2020-05-16 12:56:08 INFO  SocketGameServer:81 - =====Start-Connect=====
2020-05-16 12:56:08 INFO  SocketGameServer:165 - Close connect of User: 
2020-05-16 12:56:43 INFO  SocketGameServer:81 - =====Start-Connect=====
2020-05-16 12:56:43 INFO  SocketGameServer:165 - Close connect of User: 
2020-05-16 12:57:44 INFO  SocketGameServer:81 - =====Start-Connect=====
2020-05-16 12:57:44 INFO  SocketGameServer:165 - Close connect of User: 
2020-05-16 12:57:57 INFO  SocketGameServer:81 - =====Start-Connect=====
2020-05-16 12:57:57 INFO  SocketGameServer:165 - Close connect of User: 
2020-05-16 12:58:38 INFO  SocketGameServer:81 - =====Start-Connect=====
2020-05-16 12:58:38 INFO  SocketGameServer:165 - Close connect of User: 
2020-05-16 12:58:46 INFO  SocketGameServer:81 - =====Start-Connect=====
2020-05-16 12:58:46 INFO  SocketGameServer:165 - Close connect of User: 
2020-05-16 13:09:32 INFO  SocketGameServer:81 - =====Start-Connect=====
2020-05-16 13:09:32 INFO  IOSocket:37 - sendToUnknowUser: com.colorninja.objectingame.BaseOutPacket@621605f9
2020-05-16 13:10:27 INFO  SocketGameServer:81 - =====Start-Connect=====
2020-05-16 13:10:27 INFO  IOSocket:37 - sendToUnknowUser: com.colorninja.objectingame.BaseOutPacket@1d71fb69
2020-05-16 13:24:31 INFO  SocketGameServer:81 - =====Start-Connect=====
2020-05-16 13:25:05 INFO  SocketGameServer:81 - =====Start-Connect=====
2020-05-16 13:25:10 ERROR IOSocket:53 - 
java.lang.NullPointerException
	at com.colorninja.buissiness.IOSocket.reciver(IOSocket.java:49)
	at com.colorninja.server.SocketGameServer$Handler.run(SocketGameServer.java:86)
	at java.util.concurrent.ThreadPoolExecutor.runWorker(ThreadPoolExecutor.java:1149)
	at java.util.concurrent.ThreadPoolExecutor$Worker.run(ThreadPoolExecutor.java:624)
	at java.lang.Thread.run(Thread.java:748)
2020-05-16 13:26:04 INFO  SocketGameServer:81 - =====Start-Connect=====
2020-05-16 13:26:15 ERROR IOSocket:53 - 
java.lang.NullPointerException
	at com.colorninja.buissiness.IOSocket.reciver(IOSocket.java:49)
	at com.colorninja.server.SocketGameServer$Handler.run(SocketGameServer.java:86)
	at java.util.concurrent.ThreadPoolExecutor.runWorker(ThreadPoolExecutor.java:1149)
	at java.util.concurrent.ThreadPoolExecutor$Worker.run(ThreadPoolExecutor.java:624)
	at java.lang.Thread.run(Thread.java:748)
2020-05-16 13:37:16 INFO  SocketGameServer:81 - =====Start-Connect=====
2020-05-16 13:37:58 INFO  SocketGameServer:81 - =====Start-Connect=====
2020-05-16 13:38:01 ERROR IOSocket:53 - 
java.lang.NullPointerException
	at com.colorninja.buissiness.IOSocket.reciver(IOSocket.java:49)
	at com.colorninja.server.SocketGameServer$Handler.run(SocketGameServer.java:86)
	at java.util.concurrent.ThreadPoolExecutor.runWorker(ThreadPoolExecutor.java:1149)
	at java.util.concurrent.ThreadPoolExecutor$Worker.run(ThreadPoolExecutor.java:624)
	at java.lang.Thread.run(Thread.java:748)
2020-05-16 13:38:31 INFO  SocketGameServer:81 - =====Start-Connect=====
2020-05-16 14:54:21 INFO  SocketGameServer:81 - =====Start-Connect=====
2020-05-16 14:55:33 INFO  SocketGameServer:81 - =====Start-Connect=====
2020-05-16 14:55:45 INFO  IOSocket:37 - sendToUnknowUser: com.colorninja.objectingame.BaseOutPacket@20eed472
2020-05-16 14:56:16 INFO  SocketGameServer:81 - =====Start-Connect=====
2020-05-16 14:56:31 INFO  SocketGameServer:81 - =====Start-Connect=====
2020-05-16 14:56:32 INFO  IOSocket:37 - sendToUnknowUser: com.colorninja.objectingame.BaseOutPacket@20eed472
2020-05-16 14:57:51 INFO  SocketGameServer:81 - =====Start-Connect=====
2020-05-16 14:57:51 INFO  IOSocket:37 - sendToUnknowUser: com.colorninja.objectingame.BaseOutPacket@1d71fb69
2020-05-16 14:58:58 INFO  SocketGameServer:81 - =====Start-Connect=====
2020-05-16 14:58:59 INFO  IOSocket:37 - sendToUnknowUser: com.colorninja.objectingame.BaseOutPacket@26df5114
2020-05-16 14:59:30 INFO  SocketGameServer:81 - =====Start-Connect=====
2020-05-16 14:59:31 INFO  IOSocket:37 - sendToUnknowUser: com.colorninja.objectingame.BaseOutPacket@26df5114
2020-05-16 14:59:56 INFO  SocketGameServer:81 - =====Start-Connect=====
2020-05-16 14:59:57 INFO  IOSocket:37 - sendToUnknowUser: com.colorninja.objectingame.BaseOutPacket@621605f9
2020-05-16 15:00:29 INFO  SocketGameServer:81 - =====Start-Connect=====
2020-05-16 15:00:30 INFO  IOSocket:37 - sendToUnknowUser: com.colorninja.objectingame.BaseOutPacket@621605f9
2020-05-16 15:00:55 INFO  SocketGameServer:81 - =====Start-Connect=====
2020-05-16 15:00:55 INFO  IOSocket:37 - sendToUnknowUser: com.colorninja.objectingame.BaseOutPacket@37856178
2020-05-16 15:00:59 INFO  IOSocket:50 - reciverFromUnknowUser: com.colorninja.objectingame.KeyPlayerPacket@5e0833de
2020-05-16 15:00:59 INFO  IOSocket:26 - sendToUser Nam: com.colorninja.objectingame.BaseOutPacket@5e47e017
2020-05-16 15:00:59 ERROR SocketGameServer:164 - 
java.lang.NullPointerException
	at java.util.concurrent.ConcurrentHashMap.get(ConcurrentHashMap.java:936)
	at com.colorninja.server.SocketGameServer$Handler.run(SocketGameServer.java:151)
	at java.util.concurrent.ThreadPoolExecutor.runWorker(ThreadPoolExecutor.java:1149)
	at java.util.concurrent.ThreadPoolExecutor$Worker.run(ThreadPoolExecutor.java:624)
	at java.lang.Thread.run(Thread.java:748)
2020-05-16 15:00:59 INFO  SocketGameServer:167 - Close connect of User: Nam
2020-05-16 15:01:46 INFO  SocketGameServer:81 - =====Start-Connect=====
2020-05-16 15:01:46 INFO  IOSocket:37 - sendToUnknowUser: com.colorninja.objectingame.BaseOutPacket@4c76f103
2020-05-16 15:01:46 INFO  SocketGameClient:64 - com.colorninja.objectingame.BaseOutPacket@46fbb2c1
2020-05-16 15:01:49 INFO  IOSocket:50 - reciverFromUnknowUser: com.colorninja.objectingame.KeyPlayerPacket@720cc0fb
2020-05-16 15:01:49 INFO  IOSocket:26 - sendToUser Nam: com.colorninja.objectingame.BaseOutPacket@4e92d296
2020-05-16 15:01:49 ERROR SocketGameServer:164 - 
java.lang.NullPointerException
	at java.util.concurrent.ConcurrentHashMap.get(ConcurrentHashMap.java:936)
	at com.colorninja.server.SocketGameServer$Handler.run(SocketGameServer.java:151)
	at java.util.concurrent.ThreadPoolExecutor.runWorker(ThreadPoolExecutor.java:1149)
	at java.util.concurrent.ThreadPoolExecutor$Worker.run(ThreadPoolExecutor.java:624)
	at java.lang.Thread.run(Thread.java:748)
2020-05-16 15:01:49 INFO  SocketGameServer:167 - Close connect of User: Nam
2020-05-16 15:02:29 INFO  SocketGameServer:81 - =====Start-Connect=====
2020-05-16 15:02:29 INFO  IOSocket:37 - sendToUnknowUser: com.colorninja.objectingame.BaseOutPacket@4c76f103
2020-05-16 15:02:29 INFO  SocketGameClient:64 - com.colorninja.objectingame.BaseOutPacket@46fbb2c1
2020-05-16 15:02:49 INFO  IOSocket:50 - reciverFromUnknowUser: com.colorninja.objectingame.KeyPlayerPacket@720cc0fb
2020-05-16 15:02:49 INFO  IOSocket:26 - sendToUser Nam: com.colorninja.objectingame.BaseOutPacket@4e92d296
2020-05-16 15:02:49 ERROR SocketGameServer:164 - 
java.lang.NullPointerException
	at java.util.concurrent.ConcurrentHashMap.get(ConcurrentHashMap.java:936)
	at com.colorninja.server.SocketGameServer$Handler.run(SocketGameServer.java:151)
	at java.util.concurrent.ThreadPoolExecutor.runWorker(ThreadPoolExecutor.java:1149)
	at java.util.concurrent.ThreadPoolExecutor$Worker.run(ThreadPoolExecutor.java:624)
	at java.lang.Thread.run(Thread.java:748)
2020-05-16 15:02:49 INFO  SocketGameServer:167 - Close connect of User: Nam
2020-05-16 15:04:12 INFO  SocketGameServer:81 - =====Start-Connect=====
2020-05-16 15:04:12 INFO  IOSocket:37 - sendToUnknowUser: com.colorninja.objectingame.BaseOutPacket@4c76f103
2020-05-16 15:04:12 INFO  SocketGameClient:64 - com.colorninja.objectingame.BaseOutPacket@46fbb2c1
2020-05-16 15:04:13 INFO  IOSocket:50 - reciverFromUnknowUser: com.colorninja.objectingame.KeyPlayerPacket@720cc0fb
2020-05-16 15:04:13 INFO  IOSocket:26 - sendToUser Nam: com.colorninja.objectingame.BaseOutPacket@4e92d296
2020-05-16 15:04:13 ERROR SocketGameServer:163 - 
java.lang.NullPointerException
	at java.util.concurrent.ConcurrentHashMap.get(ConcurrentHashMap.java:936)
	at com.colorninja.server.SocketGameServer$Handler.run(SocketGameServer.java:150)
	at java.util.concurrent.ThreadPoolExecutor.runWorker(ThreadPoolExecutor.java:1149)
	at java.util.concurrent.ThreadPoolExecutor$Worker.run(ThreadPoolExecutor.java:624)
	at java.lang.Thread.run(Thread.java:748)
2020-05-16 15:04:13 INFO  SocketGameServer:166 - Close connect of User: Nam
2020-05-16 15:08:35 INFO  SocketGameServer:81 - =====Start-Connect=====
2020-05-16 15:08:35 INFO  IOSocket:37 - sendToUnknowUser: com.colorninja.objectingame.BaseOutPacket@4c76f103
2020-05-16 15:08:46 ERROR IOSocket:53 - 
java.io.EOFException
	at java.io.ObjectInputStream$BlockDataInputStream.peekByte(ObjectInputStream.java:2960)
	at java.io.ObjectInputStream.readObject0(ObjectInputStream.java:1540)
	at java.io.ObjectInputStream.readObject(ObjectInputStream.java:431)
	at com.colorninja.buissiness.IOSocket.reciver(IOSocket.java:49)
	at com.colorninja.server.SocketGameServer$Handler.run(SocketGameServer.java:91)
	at java.util.concurrent.ThreadPoolExecutor.runWorker(ThreadPoolExecutor.java:1149)
	at java.util.concurrent.ThreadPoolExecutor$Worker.run(ThreadPoolExecutor.java:624)
	at java.lang.Thread.run(Thread.java:748)
2020-05-16 15:08:46 INFO  IOSocket:37 - sendToUnknowUser: com.colorninja.objectingame.BaseOutPacket@4e92d296
2020-05-16 15:08:46 ERROR IOSocket:42 - Broken pipe (Write failed)
java.net.SocketException: Broken pipe (Write failed)
	at java.net.SocketOutputStream.socketWrite0(Native Method)
	at java.net.SocketOutputStream.socketWrite(SocketOutputStream.java:111)
	at java.net.SocketOutputStream.write(SocketOutputStream.java:155)
	at java.io.ObjectOutputStream$BlockDataOutputStream.drain(ObjectOutputStream.java:1877)
	at java.io.ObjectOutputStream$BlockDataOutputStream.setBlockDataMode(ObjectOutputStream.java:1786)
	at java.io.ObjectOutputStream.writeFatalException(ObjectOutputStream.java:1580)
	at java.io.ObjectOutputStream.writeObject(ObjectOutputStream.java:351)
	at com.colorninja.buissiness.IOSocket.send(IOSocket.java:38)
	at com.colorninja.server.SocketGameServer$Handler.run(SocketGameServer.java:134)
	at java.util.concurrent.ThreadPoolExecutor.runWorker(ThreadPoolExecutor.java:1149)
	at java.util.concurrent.ThreadPoolExecutor$Worker.run(ThreadPoolExecutor.java:624)
	at java.lang.Thread.run(Thread.java:748)
2020-05-16 15:08:46 ERROR SocketGameServer:163 - Socket closed
java.net.SocketException: Socket closed
	at java.net.SocketOutputStream.socketWrite(SocketOutputStream.java:118)
	at java.net.SocketOutputStream.write(SocketOutputStream.java:155)
	at java.io.ObjectOutputStream$BlockDataOutputStream.drain(ObjectOutputStream.java:1877)
	at java.io.ObjectOutputStream$BlockDataOutputStream.flush(ObjectOutputStream.java:1822)
	at java.io.ObjectOutputStream.flush(ObjectOutputStream.java:719)
	at java.io.ObjectOutputStream.close(ObjectOutputStream.java:740)
	at com.colorninja.server.SocketGameServer$Handler.run(SocketGameServer.java:146)
	at java.util.concurrent.ThreadPoolExecutor.runWorker(ThreadPoolExecutor.java:1149)
	at java.util.concurrent.ThreadPoolExecutor$Worker.run(ThreadPoolExecutor.java:624)
	at java.lang.Thread.run(Thread.java:748)
2020-05-16 15:08:46 INFO  SocketGameServer:166 - Close connect of User: 
2020-05-16 15:08:54 INFO  SocketGameServer:81 - =====Start-Connect=====
2020-05-16 15:08:54 INFO  IOSocket:37 - sendToUnknowUser: com.colorninja.objectingame.BaseOutPacket@4c76f103
2020-05-16 15:09:43 ERROR IOSocket:53 - 
java.io.EOFException
	at java.io.ObjectInputStream$BlockDataInputStream.peekByte(ObjectInputStream.java:2960)
	at java.io.ObjectInputStream.readObject0(ObjectInputStream.java:1540)
	at java.io.ObjectInputStream.readObject(ObjectInputStream.java:431)
	at com.colorninja.buissiness.IOSocket.reciver(IOSocket.java:49)
	at com.colorninja.server.SocketGameServer$Handler.run(SocketGameServer.java:91)
	at java.util.concurrent.ThreadPoolExecutor.runWorker(ThreadPoolExecutor.java:1149)
	at java.util.concurrent.ThreadPoolExecutor$Worker.run(ThreadPoolExecutor.java:624)
	at java.lang.Thread.run(Thread.java:748)
2020-05-16 15:09:43 INFO  IOSocket:37 - sendToUnknowUser: com.colorninja.objectingame.BaseOutPacket@4e92d296
2020-05-16 15:09:43 ERROR IOSocket:42 - Broken pipe (Write failed)
java.net.SocketException: Broken pipe (Write failed)
	at java.net.SocketOutputStream.socketWrite0(Native Method)
	at java.net.SocketOutputStream.socketWrite(SocketOutputStream.java:111)
	at java.net.SocketOutputStream.write(SocketOutputStream.java:155)
	at java.io.ObjectOutputStream$BlockDataOutputStream.drain(ObjectOutputStream.java:1877)
	at java.io.ObjectOutputStream$BlockDataOutputStream.setBlockDataMode(ObjectOutputStream.java:1786)
	at java.io.ObjectOutputStream.writeFatalException(ObjectOutputStream.java:1580)
	at java.io.ObjectOutputStream.writeObject(ObjectOutputStream.java:351)
	at com.colorninja.buissiness.IOSocket.send(IOSocket.java:38)
	at com.colorninja.server.SocketGameServer$Handler.run(SocketGameServer.java:134)
	at java.util.concurrent.ThreadPoolExecutor.runWorker(ThreadPoolExecutor.java:1149)
	at java.util.concurrent.ThreadPoolExecutor$Worker.run(ThreadPoolExecutor.java:624)
	at java.lang.Thread.run(Thread.java:748)
2020-05-16 15:09:43 ERROR SocketGameServer:163 - Socket closed
java.net.SocketException: Socket closed
	at java.net.SocketOutputStream.socketWrite(SocketOutputStream.java:118)
	at java.net.SocketOutputStream.write(SocketOutputStream.java:155)
	at java.io.ObjectOutputStream$BlockDataOutputStream.drain(ObjectOutputStream.java:1877)
	at java.io.ObjectOutputStream$BlockDataOutputStream.flush(ObjectOutputStream.java:1822)
	at java.io.ObjectOutputStream.flush(ObjectOutputStream.java:719)
	at java.io.ObjectOutputStream.close(ObjectOutputStream.java:740)
	at com.colorninja.server.SocketGameServer$Handler.run(SocketGameServer.java:146)
	at java.util.concurrent.ThreadPoolExecutor.runWorker(ThreadPoolExecutor.java:1149)
	at java.util.concurrent.ThreadPoolExecutor$Worker.run(ThreadPoolExecutor.java:624)
	at java.lang.Thread.run(Thread.java:748)
2020-05-16 15:09:43 INFO  SocketGameServer:166 - Close connect of User: 
2020-05-16 15:50:48 INFO  SocketGameServer:172 - The chat server is running...8080
2020-05-16 15:51:10 INFO  SocketGameServer:81 - =====Start-Connect=====
2020-05-16 15:51:10 INFO  IOSocket:37 - sendToUnknowUser: {"type":0,"message":"require key"}
2020-05-16 23:17:10 ERROR IOSocket:53 - 
java.io.EOFException
	at java.io.ObjectInputStream$BlockDataInputStream.peekByte(ObjectInputStream.java:2960)
	at java.io.ObjectInputStream.readObject0(ObjectInputStream.java:1540)
	at java.io.ObjectInputStream.readObject(ObjectInputStream.java:431)
	at com.colorninja.buissiness.IOSocket.reciver(IOSocket.java:49)
	at com.colorninja.server.SocketGameServer$Handler.run(SocketGameServer.java:91)
	at java.util.concurrent.ThreadPoolExecutor.runWorker(ThreadPoolExecutor.java:1149)
	at java.util.concurrent.ThreadPoolExecutor$Worker.run(ThreadPoolExecutor.java:624)
	at java.lang.Thread.run(Thread.java:748)
2020-05-16 23:17:10 INFO  IOSocket:37 - sendToUnknowUser: {"type":-1,"message":"error key"}
2020-05-16 23:17:10 ERROR SocketGameServer:163 - Socket closed
java.net.SocketException: Socket closed
	at java.net.SocketOutputStream.socketWrite(SocketOutputStream.java:118)
	at java.net.SocketOutputStream.write(SocketOutputStream.java:155)
	at java.io.ObjectOutputStream$BlockDataOutputStream.writeBlockHeader(ObjectOutputStream.java:1890)
	at java.io.ObjectOutputStream$BlockDataOutputStream.drain(ObjectOutputStream.java:1875)
	at java.io.ObjectOutputStream$BlockDataOutputStream.flush(ObjectOutputStream.java:1822)
	at java.io.ObjectOutputStream.flush(ObjectOutputStream.java:719)
	at java.io.ObjectOutputStream.close(ObjectOutputStream.java:740)
	at com.colorninja.server.SocketGameServer$Handler.run(SocketGameServer.java:146)
	at java.util.concurrent.ThreadPoolExecutor.runWorker(ThreadPoolExecutor.java:1149)
	at java.util.concurrent.ThreadPoolExecutor$Worker.run(ThreadPoolExecutor.java:624)
	at java.lang.Thread.run(Thread.java:748)
2020-05-16 23:17:10 INFO  SocketGameServer:166 - Close connect of User: 
2020-05-16 23:23:37 INFO  SocketGameServer:172 - The chat server is running...8080
2020-05-16 23:23:44 INFO  SocketGameServer:81 - =====Start-Connect=====
2020-05-16 23:23:44 INFO  IOSocket:39 - sendToUnknowUser: {"type":0,"message":"require key"}
2020-05-16 23:23:45 ERROR IOSocket:55 - Connection reset
java.net.SocketException: Connection reset
	at java.net.SocketInputStream.read(SocketInputStream.java:210)
	at java.net.SocketInputStream.read(SocketInputStream.java:141)
	at java.net.SocketInputStream.read(SocketInputStream.java:224)
	at java.io.ObjectInputStream$PeekInputStream.peek(ObjectInputStream.java:2641)
	at java.io.ObjectInputStream$BlockDataInputStream.peek(ObjectInputStream.java:2948)
	at java.io.ObjectInputStream$BlockDataInputStream.peekByte(ObjectInputStream.java:2958)
	at java.io.ObjectInputStream.readObject0(ObjectInputStream.java:1540)
	at java.io.ObjectInputStream.readObject(ObjectInputStream.java:431)
	at com.colorninja.buissiness.IOSocket.reciver(IOSocket.java:51)
	at com.colorninja.server.SocketGameServer$Handler.run(SocketGameServer.java:91)
	at java.util.concurrent.ThreadPoolExecutor.runWorker(ThreadPoolExecutor.java:1149)
	at java.util.concurrent.ThreadPoolExecutor$Worker.run(ThreadPoolExecutor.java:624)
	at java.lang.Thread.run(Thread.java:748)
2020-05-16 23:23:45 INFO  IOSocket:39 - sendToUnknowUser: {"type":-1,"message":"error key"}
2020-05-16 23:23:45 INFO  SocketGameServer:166 - Close connect of User: 
2020-05-16 23:24:35 INFO  SocketGameServer:172 - The chat server is running...8080
2020-05-16 23:24:44 INFO  SocketGameServer:81 - =====Start-Connect=====
2020-05-16 23:24:45 INFO  IOSocket:39 - sendToUnknowUser: {"type":0,"message":"require key"}
2020-05-16 23:25:14 INFO  SocketGameServer:172 - The chat server is running...8080
2020-05-16 23:25:18 INFO  SocketGameServer:81 - =====Start-Connect=====
2020-05-16 23:25:18 INFO  IOSocket:39 - sendToUnknowUser: {"type":0,"message":"require key"}
2020-05-16 23:32:30 INFO  SocketGameServer:173 - The chat server is running...8080
2020-05-16 23:32:31 INFO  SocketGameServer:81 - =====Start-Connect=====
2020-05-16 23:32:31 INFO  IOSocket:42 - sendToUnknowUser: {"type":0,"message":"require key"}
2020-05-16 23:32:31 ERROR IOSocket:59 - java.lang.IllegalStateException: Expected BEGIN_OBJECT but was STRING at line 1 column 1 path $
com.google.gson.JsonSyntaxException: java.lang.IllegalStateException: Expected BEGIN_OBJECT but was STRING at line 1 column 1 path $
	at com.google.gson.internal.bind.ReflectiveTypeAdapterFactory$Adapter.read(ReflectiveTypeAdapterFactory.java:226)
	at com.google.gson.Gson.fromJson(Gson.java:932)
	at com.google.gson.Gson.fromJson(Gson.java:897)
	at com.google.gson.Gson.fromJson(Gson.java:846)
	at com.google.gson.Gson.fromJson(Gson.java:817)
	at com.colorninja.buissiness.IOSocket.reciver(IOSocket.java:55)
	at com.colorninja.server.SocketGameServer$Handler.run(SocketGameServer.java:91)
	at java.util.concurrent.ThreadPoolExecutor.runWorker(ThreadPoolExecutor.java:1149)
	at java.util.concurrent.ThreadPoolExecutor$Worker.run(ThreadPoolExecutor.java:624)
	at java.lang.Thread.run(Thread.java:748)
Caused by: java.lang.IllegalStateException: Expected BEGIN_OBJECT but was STRING at line 1 column 1 path $
	at com.google.gson.stream.JsonReader.beginObject(JsonReader.java:386)
	at com.google.gson.internal.bind.ReflectiveTypeAdapterFactory$Adapter.read(ReflectiveTypeAdapterFactory.java:215)
	... 9 more
2020-05-16 23:32:31 INFO  IOSocket:42 - sendToUnknowUser: {"type":-1,"message":"error key"}
2020-05-16 23:32:31 INFO  SocketGameServer:166 - Close connect of User: 
2020-05-17 00:07:52 INFO  SocketGameServer:174 - The chat server is running...8080
2020-05-17 00:07:57 INFO  SocketGameServer:174 - The chat server is running...8080
2020-05-17 08:27:12,414 INFO  [main@SocketGameServer:180] - The chat server is running...8080
2020-05-17 08:28:09,262 INFO  [main@SocketGameServer:180] - The chat server is running...8080
